#
# There is insufficient memory for the Java Runtime Environment to continue.
# Native memory allocation (mmap) failed to map 98566144 bytes for G1 virtual space
# Possible reasons:
#   The system is out of physical RAM or swap space
#   The process is running with CompressedOops enabled, and the Java Heap may be blocking the growth of the native heap
# Possible solutions:
#   Reduce memory load on the system
#   Increase physical memory or swap space
#   Check if swap backing store is full
#   Decrease Java heap size (-Xmx/-Xms)
#   Decrease number of Java threads
#   Decrease Java thread stack sizes (-Xss)
#   Set larger code cache with -XX:ReservedCodeCacheSize=
#   JVM is running with Unscaled Compressed Oops mode in which the Java heap is
#     placed in the first 4GB address space. The Java Heap base address is the
#     maximum limit for the native heap growth. Please use -XX:HeapBaseMinAddress
#     to set the Java Heap base and to place the Java Heap above 4GB virtual address.
# This output file may be truncated or incomplete.
#
#  Out of Memory Error (os_windows.cpp:3613), pid=2424, tid=12956
#
# JRE version:  (17.0.10+7) (build )
# Java VM: OpenJDK 64-Bit Server VM (17.0.10+7, mixed mode, emulated-client, sharing, tiered, compressed oops, compressed class ptrs, g1 gc, windows-amd64)
# No core dump will be written. Minidumps are not enabled by default on client versions of Windows
#

---------------  S U M M A R Y ------------

Command Line: -Xmx1024m -Dsts.lsp.client=vscode -Dsts.log.file=/dev/null -XX:TieredStopAtLevel=1 -Xlog:jni+resolve=off -Dspring.config.location=file:c:\Users\Lucas\.vscode\extensions\vmware.vscode-spring-boot-1.54.0\language-server\BOOT-INF\classes\application.properties org.springframework.ide.vscode.boot.app.BootLanguageServerBootApp

Host: AMD Ryzen 5 5500U with Radeon Graphics         , 12 cores, 5G,  Windows 11 , 64 bit Build 22621 (10.0.22621.3527)
Time: Sat May 18 22:57:57 2024 Hora Padrão de Buenos Aires elapsed time: 0.028943 seconds (0d 0h 0m 0s)

---------------  T H R E A D  ---------------

Current thread (0x000001dc18378640):  JavaThread "Unknown thread" [_thread_in_vm, id=12956, stack(0x000000bd5c700000,0x000000bd5c800000)]

Stack: [0x000000bd5c700000,0x000000bd5c800000]
Native frames: (J=compiled Java code, j=interpreted, Vv=VM code, C=native code)
V  [jvm.dll+0x67d2c9]
V  [jvm.dll+0x834afa]
V  [jvm.dll+0x8365be]
V  [jvm.dll+0x836c23]
V  [jvm.dll+0x2477ff]
V  [jvm.dll+0x67a109]
V  [jvm.dll+0x66eb7a]
V  [jvm.dll+0x30764b]
V  [jvm.dll+0x30eaf6]
V  [jvm.dll+0x35e83e]
V  [jvm.dll+0x35ea6f]
V  [jvm.dll+0x2de248]
V  [jvm.dll+0x2df1b4]
V  [jvm.dll+0x806361]
V  [jvm.dll+0x36c6f1]
V  [jvm.dll+0x7e4e06]
V  [jvm.dll+0x3eff3f]
V  [jvm.dll+0x3f1b71]
C  [jli.dll+0x528f]
C  [ucrtbase.dll+0x29333]
C  [KERNEL32.DLL+0x1257d]
C  [ntdll.dll+0x5aa48]


---------------  P R O C E S S  ---------------

Threads class SMR info:
_java_thread_list=0x00007ffb9610ee98, length=0, elements={
}

Java Threads: ( => current thread )

Other Threads:
  0x000001dc183b8270 GCTaskThread "GC Thread#0" [stack: 0x000000bd5c800000,0x000000bd5c900000] [id=14432]
  0x000001dc183c11c0 ConcurrentGCThread "G1 Main Marker" [stack: 0x000000bd5c900000,0x000000bd5ca00000] [id=13984]
  0x000001dc183c1be0 ConcurrentGCThread "G1 Conc#0" [stack: 0x000000bd5ca00000,0x000000bd5cb00000] [id=9992]

[error occurred during error reporting (printing all threads), id 0xc0000005, EXCEPTION_ACCESS_VIOLATION (0xc0000005) at pc=0x00007ffb958cec87]

VM state: not at safepoint (not fully initialized)

VM Mutex/Monitor currently owned by a thread:  ([mutex/lock_event])
[0x000001dc181201b0] Heap_lock - owner thread: 0x000001dc18378640

Heap address: 0x00000000c0000000, size: 1024 MB, Compressed Oops mode: 32-bit

CDS archive(s) mapped at: [0x0000000000000000-0x0000000000000000-0x0000000000000000), size 0, SharedBaseAddress: 0x0000000800000000, ArchiveRelocationMode: 1.
Narrow klass base: 0x0000000000000000, Narrow klass shift: 0, Narrow klass range: 0x0

GC Precious Log:
<Empty>

Heap:
 garbage-first heap   total 0K, used 0K [0x00000000c0000000, 0x0000000100000000)
  region size 1024K, 0 young (0K), 0 survivors (0K)

[error occurred during error reporting (printing heap information), id 0xc0000005, EXCEPTION_ACCESS_VIOLATION (0xc0000005) at pc=0x00007ffb95cb6fb9]

GC Heap History (0 events):
No events

Dll operation events (1 events):
Event: 0.020 Loaded shared library c:\Users\Lucas\.vscode\extensions\redhat.java-1.30.0-win32-x64\jre\17.0.10-win32-x86_64\bin\java.dll

Deoptimization events (0 events):
No events

Classes unloaded (0 events):
No events

Classes redefined (0 events):
No events

Internal exceptions (0 events):
No events

VM Operations (0 events):
No events

Events (0 events):
No events


Dynamic libraries:
0x00007ff7cb5d0000 - 0x00007ff7cb5de000 	c:\Users\Lucas\.vscode\extensions\redhat.java-1.30.0-win32-x64\jre\17.0.10-win32-x86_64\bin\java.exe
0x00007ffbeed50000 - 0x00007ffbeef67000 	C:\WINDOWS\SYSTEM32\ntdll.dll
0x00007ffbed4c0000 - 0x00007ffbed584000 	C:\WINDOWS\System32\KERNEL32.DLL
0x00007ffbec610000 - 0x00007ffbec9b7000 	C:\WINDOWS\System32\KERNELBASE.dll
0x00007ffbec140000 - 0x00007ffbec251000 	C:\WINDOWS\System32\ucrtbase.dll
0x00007ffbdd040000 - 0x00007ffbdd057000 	c:\Users\Lucas\.vscode\extensions\redhat.java-1.30.0-win32-x64\jre\17.0.10-win32-x86_64\bin\jli.dll
0x00007ffbdd200000 - 0x00007ffbdd21b000 	c:\Users\Lucas\.vscode\extensions\redhat.java-1.30.0-win32-x64\jre\17.0.10-win32-x86_64\bin\VCRUNTIME140.dll
0x00007ffbee220000 - 0x00007ffbee3ce000 	C:\WINDOWS\System32\USER32.dll
0x00007ffbec0a0000 - 0x00007ffbec0c6000 	C:\WINDOWS\System32\win32u.dll
0x00007ffbd38e0000 - 0x00007ffbd3b73000 	C:\WINDOWS\WinSxS\amd64_microsoft.windows.common-controls_6595b64144ccf1df_6.0.22621.3527_none_270e469b73872a76\COMCTL32.dll
0x00007ffbee3d0000 - 0x00007ffbee3f9000 	C:\WINDOWS\System32\GDI32.dll
0x00007ffbecf80000 - 0x00007ffbed027000 	C:\WINDOWS\System32\msvcrt.dll
0x00007ffbec380000 - 0x00007ffbec499000 	C:\WINDOWS\System32\gdi32full.dll
0x00007ffbec260000 - 0x00007ffbec2fa000 	C:\WINDOWS\System32\msvcp_win.dll
0x00007ffbeccd0000 - 0x00007ffbecd01000 	C:\WINDOWS\System32\IMM32.DLL
0x00007ffbe6fb0000 - 0x00007ffbe6fbc000 	c:\Users\Lucas\.vscode\extensions\redhat.java-1.30.0-win32-x64\jre\17.0.10-win32-x86_64\bin\vcruntime140_1.dll
0x00007ffbc0ca0000 - 0x00007ffbc0d2d000 	c:\Users\Lucas\.vscode\extensions\redhat.java-1.30.0-win32-x64\jre\17.0.10-win32-x86_64\bin\msvcp140.dll
0x00007ffb955e0000 - 0x00007ffb96242000 	c:\Users\Lucas\.vscode\extensions\redhat.java-1.30.0-win32-x64\jre\17.0.10-win32-x86_64\bin\server\jvm.dll
0x00007ffbee0b0000 - 0x00007ffbee162000 	C:\WINDOWS\System32\ADVAPI32.dll
0x00007ffbee170000 - 0x00007ffbee218000 	C:\WINDOWS\System32\sechost.dll
0x00007ffbec070000 - 0x00007ffbec098000 	C:\WINDOWS\System32\bcrypt.dll
0x00007ffbede90000 - 0x00007ffbedfa5000 	C:\WINDOWS\System32\RPCRT4.dll
0x00007ffbe4300000 - 0x00007ffbe4309000 	C:\WINDOWS\SYSTEM32\WSOCK32.dll
0x00007ffbebb30000 - 0x00007ffbebb7d000 	C:\WINDOWS\SYSTEM32\POWRPROF.dll
0x00007ffbede00000 - 0x00007ffbede71000 	C:\WINDOWS\System32\WS2_32.dll
0x00007ffbe5f70000 - 0x00007ffbe5fa4000 	C:\WINDOWS\SYSTEM32\WINMM.dll
0x00007ffbe37b0000 - 0x00007ffbe37ba000 	C:\WINDOWS\SYSTEM32\VERSION.dll
0x00007ffbeb9d0000 - 0x00007ffbeb9e3000 	C:\WINDOWS\SYSTEM32\UMPDC.dll
0x00007ffbeb050000 - 0x00007ffbeb068000 	C:\WINDOWS\SYSTEM32\kernel.appcore.dll
0x00007ffbe6ab0000 - 0x00007ffbe6aba000 	c:\Users\Lucas\.vscode\extensions\redhat.java-1.30.0-win32-x64\jre\17.0.10-win32-x86_64\bin\jimage.dll
0x00007ffbe9a10000 - 0x00007ffbe9c42000 	C:\WINDOWS\SYSTEM32\DBGHELP.DLL
0x00007ffbee980000 - 0x00007ffbeed08000 	C:\WINDOWS\System32\combase.dll
0x00007ffbed250000 - 0x00007ffbed327000 	C:\WINDOWS\System32\OLEAUT32.dll
0x00007ffbe49b0000 - 0x00007ffbe49e2000 	C:\WINDOWS\SYSTEM32\dbgcore.DLL
0x00007ffbec300000 - 0x00007ffbec379000 	C:\WINDOWS\System32\bcryptPrimitives.dll
0x00007ffbdd010000 - 0x00007ffbdd035000 	c:\Users\Lucas\.vscode\extensions\redhat.java-1.30.0-win32-x64\jre\17.0.10-win32-x86_64\bin\java.dll

dbghelp: loaded successfully - version: 4.0.5 - missing functions: none
symbol engine: initialized successfully - sym options: 0x614 - pdb path: .;c:\Users\Lucas\.vscode\extensions\redhat.java-1.30.0-win32-x64\jre\17.0.10-win32-x86_64\bin;C:\WINDOWS\SYSTEM32;C:\WINDOWS\WinSxS\amd64_microsoft.windows.common-controls_6595b64144ccf1df_6.0.22621.3527_none_270e469b73872a76;c:\Users\Lucas\.vscode\extensions\redhat.java-1.30.0-win32-x64\jre\17.0.10-win32-x86_64\bin\server

VM Arguments:
jvm_args: -Xmx1024m -Dsts.lsp.client=vscode -Dsts.log.file=/dev/null -XX:TieredStopAtLevel=1 -Xlog:jni+resolve=off -Dspring.config.location=file:c:\Users\Lucas\.vscode\extensions\vmware.vscode-spring-boot-1.54.0\language-server\BOOT-INF\classes\application.properties 
java_command: org.springframework.ide.vscode.boot.app.BootLanguageServerBootApp
java_class_path (initial): c:\Users\Lucas\.vscode\extensions\vmware.vscode-spring-boot-1.54.0\language-server\BOOT-INF\classes;c:\Users\Lucas\.vscode\extensions\vmware.vscode-spring-boot-1.54.0\language-server\BOOT-INF\lib\annotations-24.1.0.jar;c:\Users\Lucas\.vscode\extensions\vmware.vscode-spring-boot-1.54.0\language-server\BOOT-INF\lib\antlr4-runtime-4.13.1.jar;c:\Users\Lucas\.vscode\extensions\vmware.vscode-spring-boot-1.54.0\language-server\BOOT-INF\lib\asm-9.7.jar;c:\Users\Lucas\.vscode\extensions\vmware.vscode-spring-boot-1.54.0\language-server\BOOT-INF\lib\asm-analysis-9.7.jar;c:\Users\Lucas\.vscode\extensions\vmware.vscode-spring-boot-1.54.0\language-server\BOOT-INF\lib\asm-tree-9.7.jar;c:\Users\Lucas\.vscode\extensions\vmware.vscode-spring-boot-1.54.0\language-server\BOOT-INF\lib\asm-util-9.7.jar;c:\Users\Lucas\.vscode\extensions\vmware.vscode-spring-boot-1.54.0\language-server\BOOT-INF\lib\caffeine-3.1.8.jar;c:\Users\Lucas\.vscode\extensions\vmware.vscode-spring-boot-1.54.0\language-server\BOOT-INF\lib\checker-qual-3.12.0.jar;c:\Users\Lucas\.vscode\extensions\vmware.vscode-spring-boot-1.54.0\language-server\BOOT-INF\lib\classgraph-4.8.149.jar;c:\Users\Lucas\.vscode\extensions\vmware.vscode-spring-boot-1.54.0\language-server\BOOT-INF\lib\commons-codec-1.16.1.jar;c:\Users\Lucas\.vscode\extensions\vmware.vscode-spring-boot-1.54.0\language-server\BOOT-INF\lib\commons-compress-1.26.1.jar;c:\Users\Lucas\.vscode\extensions\vmware.vscode-spring-boot-1.54.0\language-server\BOOT-INF\lib\commons-io-2.4.jar;c:\Users\Lucas\.vscode\extensions\vmware.vscode-spring-boot-1.54.0\language-server\BOOT-INF\lib\commons-java-1.54.0-SNAPSHOT.jar;c:\Users\Lucas\.vscode\extensions\vmware.vscode-spring-boot-1.54.0\language-server\BOOT-INF\lib\commons-lang3-3.13.0.jar;c:\Users\Lucas\.vscode\extensions\vmware.vscode-spring-boot-1.54.0\language-server\BOOT-INF\lib\commons-language-server-1.54.0-SNAPSHOT.jar;c:\Users\Lucas\.vscode\extensions\vmware.vscode-spring-boot-1.54.0\language
Launcher Type: SUN_STANDARD

[Global flags]
     intx CICompilerCount                          = 4                                         {product} {ergonomic}
     uint ConcGCThreads                            = 3                                         {product} {ergonomic}
     uint G1ConcRefinementThreads                  = 10                                        {product} {ergonomic}
   size_t G1HeapRegionSize                         = 1048576                                   {product} {ergonomic}
    uintx GCDrainStackTargetSize                   = 64                                        {product} {ergonomic}
   size_t InitialHeapSize                          = 98566144                                  {product} {ergonomic}
   size_t MarkStackSize                            = 4194304                                   {product} {ergonomic}
   size_t MaxHeapSize                              = 1073741824                                {product} {command line}
   size_t MinHeapDeltaBytes                        = 1048576                                   {product} {ergonomic}
   size_t MinHeapSize                              = 8388608                                   {product} {ergonomic}
    uintx NonProfiledCodeHeapSize                  = 0                                      {pd product} {ergonomic}
     bool ProfileInterpreter                       = false                                  {pd product} {command line}
    uintx ProfiledCodeHeapSize                     = 0                                      {pd product} {ergonomic}
   size_t SoftMaxHeapSize                          = 1073741824                             {manageable} {ergonomic}
     intx TieredStopAtLevel                        = 1                                         {product} {command line}
     bool UseCompressedClassPointers               = true                           {product lp64_product} {ergonomic}
     bool UseCompressedOops                        = true                           {product lp64_product} {ergonomic}
     bool UseG1GC                                  = true                                      {product} {ergonomic}
     bool UseLargePagesIndividualAllocation        = false                                  {pd product} {ergonomic}

Logging:
Log output configuration:
 #0: stdout all=warning,jni+resolve=off uptime,level,tags (reconfigured)
 #1: stderr all=off uptime,level,tags

Environment Variables:
JAVA_HOME=C:\Program Files\Java\jdk-17
PATH=C:\Program Files\Common Files\Oracle\Java\javapath;C:\Program Files (x86)\Common Files\Oracle\Java\java8path;C:\Program Files (x86)\Common Files\Oracle\Java\javapath;C:\WINDOWS\system32;C:\WINDOWS;C:\WINDOWS\System32\Wbem;C:\WINDOWS\System32\WindowsPowerShell\v1.0\;C:\WINDOWS\System32\OpenSSH\;C:\maven\bin;C:\Program Files\Java\jdk-17\bin;D:\Programas\wamp64\bin\php\php8.2.0;C:\composer;D:\Programas\maven\apache-maven-3.9.6\bin;D:\Programas\maven\apache-maven-3.9.6\bin;C:\Program Files\nodejs\;D:\Programas\Git\cmd;C:\Users\Lucas\AppData\Local\Programs\Python\Python312\Scripts\;C:\Users\Lucas\AppData\Local\Programs\Python\Python312\;C:\Program Files\MySQL\MySQL Shell 8.0\bin\;C:\Users\Lucas\AppData\Local\Microsoft\WindowsApps;D:\Programas\Microsoft VS Code\bin;C:\Users\Lucas\AppData\Roaming\Composer\vendor\bin;D:\Programas\JetBrains\PyCharm Community Edition 2023.3.2\bin;C:\Users\Lucas\AppData\Local\JetBrains\Toolbox\scripts;C:\Users\Lucas\AppData\Roaming\npm;D:\Programas\JetBrains\IntelliJ IDEA Community Edition 2024.1\bin;
USERNAME=Lucas
OS=Windows_NT
PROCESSOR_IDENTIFIER=AMD64 Family 23 Model 104 Stepping 1, AuthenticAMD
TMP=C:\Users\Lucas\AppData\Local\Temp
TEMP=C:\Users\Lucas\AppData\Local\Temp



Periodic native trim disabled


---------------  S Y S T E M  ---------------

OS:
 Windows 11 , 64 bit Build 22621 (10.0.22621.3527)
OS uptime: 3 days 10:58 hours
Hyper-V role detected

CPU: total 12 (initial active 12) (12 cores per cpu, 2 threads per core) family 23 model 104 stepping 1 microcode 0x0, cx8, cmov, fxsr, ht, mmx, 3dnowpref, sse, sse2, sse3, ssse3, sse4a, sse4.1, sse4.2, popcnt, lzcnt, tsc, tscinvbit, avx, avx2, aes, clmul, bmi1, bmi2, adx, sha, fma, vzeroupper, clflush, clflushopt, hv
Processor Information for processor 0
  Max Mhz: 2100, Current Mhz: 1813, Mhz Limit: 2100
Processor Information for processor 1
  Max Mhz: 2100, Current Mhz: 1813, Mhz Limit: 2100
Processor Information for processor 2
  Max Mhz: 2100, Current Mhz: 1893, Mhz Limit: 2100
Processor Information for processor 3
  Max Mhz: 2100, Current Mhz: 1813, Mhz Limit: 2100
Processor Information for processor 4
  Max Mhz: 2100, Current Mhz: 1893, Mhz Limit: 2100
Processor Information for processor 5
  Max Mhz: 2100, Current Mhz: 1893, Mhz Limit: 2100
Processor Information for processor 6
  Max Mhz: 2100, Current Mhz: 1813, Mhz Limit: 2100
Processor Information for processor 7
  Max Mhz: 2100, Current Mhz: 1893, Mhz Limit: 2100
Processor Information for processor 8
  Max Mhz: 2100, Current Mhz: 1813, Mhz Limit: 2100
Processor Information for processor 9
  Max Mhz: 2100, Current Mhz: 1893, Mhz Limit: 2100
Processor Information for processor 10
  Max Mhz: 2100, Current Mhz: 1893, Mhz Limit: 2100
Processor Information for processor 11
  Max Mhz: 2100, Current Mhz: 1893, Mhz Limit: 2100

Memory: 4k page, system-wide physical 5989M (256M free)
TotalPageFile size 24421M (AvailPageFile size 43M)
current process WorkingSet (physical memory assigned to process): 11M, peak: 11M
current process commit charge ("private bytes"): 59M, peak: 153M

vm_info: OpenJDK 64-Bit Server VM (17.0.10+7) for windows-amd64 JRE (17.0.10+7), built on Jan 16 2024 23:25:11 by "admin" with MS VC++ 16.10 / 16.11 (VS2019)

END.
